C:\Development\PM-MVC\PM-MVC\src\PM-MVC.Web\pm-mvc\dist\out-tsc\src\app\app.component.js
C:\Development\PM-MVC\PM-MVC\src\PM-MVC.Web\pm-mvc\dist\out-tsc\src\app\app.component.js.map
C:\Development\PM-MVC\PM-MVC\src\PM-MVC.Web\pm-mvc\dist\out-tsc\src\app\app.module.js
C:\Development\PM-MVC\PM-MVC\src\PM-MVC.Web\pm-mvc\dist\out-tsc\src\app\app.module.js.map
C:\Development\PM-MVC\PM-MVC\src\PM-MVC.Web\pm-mvc\dist\out-tsc\src\environments\environment.js
C:\Development\PM-MVC\PM-MVC\src\PM-MVC.Web\pm-mvc\dist\out-tsc\src\environments\environment.js.map
C:\Development\PM-MVC\PM-MVC\src\PM-MVC.Web\pm-mvc\dist\out-tsc\src\main.js
C:\Development\PM-MVC\PM-MVC\src\PM-MVC.Web\pm-mvc\dist\out-tsc\src\main.js.map
C:\Development\PM-MVC\PM-MVC\src\PM-MVC.Web\pm-mvc\dist\out-tsc\src\polyfills.js
C:\Development\PM-MVC\PM-MVC\src\PM-MVC.Web\pm-mvc\dist\out-tsc\src\polyfills.js.map
C:\Development\PM-MVC\PM-MVC\src\PM-MVC.Web\pm-mvc\dist\out-tsc\src\test.js
C:\Development\PM-MVC\PM-MVC\src\PM-MVC.Web\pm-mvc\dist\out-tsc\src\test.js.map
C:\Development\PM-MVC\PM-MVC\src\PM-MVC.Web\pm-mvc\dist\out-tsc\src\environments\environment.prod.js
C:\Development\PM-MVC\PM-MVC\src\PM-MVC.Web\pm-mvc\dist\out-tsc\src\environments\environment.prod.js.map
C:\Development\PM-MVC\PM-MVC\src\PM-MVC.Web\pm-mvc\dist\out-tsc\src\app\app.component.spec.js
C:\Development\PM-MVC\PM-MVC\src\PM-MVC.Web\pm-mvc\dist\out-tsc\src\app\app.component.spec.js.map
C:\Development\PM-MVC\PM-MVC\src\PM-MVC.Web\pm-mvc\dist\out-tsc\e2e\app.po.js
C:\Development\PM-MVC\PM-MVC\src\PM-MVC.Web\pm-mvc\dist\out-tsc\e2e\app.po.js.map
C:\Development\PM-MVC\PM-MVC\src\PM-MVC.Web\pm-mvc\dist\out-tsc\e2e\app.e2e-spec.js
C:\Development\PM-MVC\PM-MVC\src\PM-MVC.Web\pm-mvc\dist\out-tsc\e2e\app.e2e-spec.js.map
C:\Development\PM-MVC\PM-MVC\src\PM-MVC.Web\pm-mvc\dist\out-tsc\src\app\app.component.js
C:\Development\PM-MVC\PM-MVC\src\PM-MVC.Web\pm-mvc\dist\out-tsc\src\app\app.component.js.map
C:\Development\PM-MVC\PM-MVC\src\PM-MVC.Web\pm-mvc\dist\out-tsc\src\app\app.module.js
C:\Development\PM-MVC\PM-MVC\src\PM-MVC.Web\pm-mvc\dist\out-tsc\src\app\app.module.js.map
C:\Development\PM-MVC\PM-MVC\src\PM-MVC.Web\pm-mvc\dist\out-tsc\src\environments\environment.js
C:\Development\PM-MVC\PM-MVC\src\PM-MVC.Web\pm-mvc\dist\out-tsc\src\environments\environment.js.map
C:\Development\PM-MVC\PM-MVC\src\PM-MVC.Web\pm-mvc\dist\out-tsc\src\main.js
C:\Development\PM-MVC\PM-MVC\src\PM-MVC.Web\pm-mvc\dist\out-tsc\src\main.js.map
C:\Development\PM-MVC\PM-MVC\src\PM-MVC.Web\pm-mvc\dist\out-tsc\src\polyfills.js
C:\Development\PM-MVC\PM-MVC\src\PM-MVC.Web\pm-mvc\dist\out-tsc\src\polyfills.js.map
C:\Development\PM-MVC\PM-MVC\src\PM-MVC.Web\pm-mvc\dist\out-tsc\src\test.js
C:\Development\PM-MVC\PM-MVC\src\PM-MVC.Web\pm-mvc\dist\out-tsc\src\test.js.map
C:\Development\PM-MVC\PM-MVC\src\PM-MVC.Web\pm-mvc\dist\out-tsc\src\environments\environment.prod.js
C:\Development\PM-MVC\PM-MVC\src\PM-MVC.Web\pm-mvc\dist\out-tsc\src\environments\environment.prod.js.map
C:\Development\PM-MVC\PM-MVC\src\PM-MVC.Web\pm-mvc\dist\out-tsc\src\app\app.component.spec.js
C:\Development\PM-MVC\PM-MVC\src\PM-MVC.Web\pm-mvc\dist\out-tsc\src\app\app.component.spec.js.map
C:\Development\PM-MVC\PM-MVC\src\PM-MVC.Web\pm-mvc\dist\out-tsc\e2e\app.po.js
C:\Development\PM-MVC\PM-MVC\src\PM-MVC.Web\pm-mvc\dist\out-tsc\e2e\app.po.js.map
C:\Development\PM-MVC\PM-MVC\src\PM-MVC.Web\pm-mvc\dist\out-tsc\e2e\app.e2e-spec.js
C:\Development\PM-MVC\PM-MVC\src\PM-MVC.Web\pm-mvc\dist\out-tsc\e2e\app.e2e-spec.js.map
C:\Development\PM-MVC\PM-MVC\src\PM-MVC.Web\pm-mvc\dist\out-tsc\src\app\app.component.js
C:\Development\PM-MVC\PM-MVC\src\PM-MVC.Web\pm-mvc\dist\out-tsc\src\app\app.component.js.map
C:\Development\PM-MVC\PM-MVC\src\PM-MVC.Web\pm-mvc\dist\out-tsc\src\app\app.module.js
C:\Development\PM-MVC\PM-MVC\src\PM-MVC.Web\pm-mvc\dist\out-tsc\src\app\app.module.js.map
C:\Development\PM-MVC\PM-MVC\src\PM-MVC.Web\pm-mvc\dist\out-tsc\src\environments\environment.js
C:\Development\PM-MVC\PM-MVC\src\PM-MVC.Web\pm-mvc\dist\out-tsc\src\environments\environment.js.map
C:\Development\PM-MVC\PM-MVC\src\PM-MVC.Web\pm-mvc\dist\out-tsc\src\main.js
C:\Development\PM-MVC\PM-MVC\src\PM-MVC.Web\pm-mvc\dist\out-tsc\src\main.js.map
C:\Development\PM-MVC\PM-MVC\src\PM-MVC.Web\pm-mvc\dist\out-tsc\src\polyfills.js
C:\Development\PM-MVC\PM-MVC\src\PM-MVC.Web\pm-mvc\dist\out-tsc\src\polyfills.js.map
C:\Development\PM-MVC\PM-MVC\src\PM-MVC.Web\pm-mvc\dist\out-tsc\src\test.js
C:\Development\PM-MVC\PM-MVC\src\PM-MVC.Web\pm-mvc\dist\out-tsc\src\test.js.map
C:\Development\PM-MVC\PM-MVC\src\PM-MVC.Web\pm-mvc\dist\out-tsc\src\environments\environment.prod.js
C:\Development\PM-MVC\PM-MVC\src\PM-MVC.Web\pm-mvc\dist\out-tsc\src\environments\environment.prod.js.map
C:\Development\PM-MVC\PM-MVC\src\PM-MVC.Web\pm-mvc\dist\out-tsc\src\app\app.component.spec.js
C:\Development\PM-MVC\PM-MVC\src\PM-MVC.Web\pm-mvc\dist\out-tsc\src\app\app.component.spec.js.map
C:\Development\PM-MVC\PM-MVC\src\PM-MVC.Web\pm-mvc\dist\out-tsc\e2e\app.po.js
C:\Development\PM-MVC\PM-MVC\src\PM-MVC.Web\pm-mvc\dist\out-tsc\e2e\app.po.js.map
C:\Development\PM-MVC\PM-MVC\src\PM-MVC.Web\pm-mvc\dist\out-tsc\e2e\app.e2e-spec.js
C:\Development\PM-MVC\PM-MVC\src\PM-MVC.Web\pm-mvc\dist\out-tsc\e2e\app.e2e-spec.js.map
